2019-02-04 04:11:26,933  INFO [main] HomePageTest:28 - Beginnning of Home Page Test Case
2019-02-04 04:11:33,587  INFO [main] HomePageTest:28 - Beginnning of Home Page Test Case
2019-02-04 04:11:39,407  INFO [main] HomePageTest:28 - Beginnning of Home Page Test Case
2019-02-04 04:11:45,422  INFO [main] HomePageTest:28 - Beginnning of Home Page Test Case
2019-02-04 04:11:49,411  INFO [main] HomePageTest:57 - Pharmacy | Manage, Transfer, & Refill Prescriptions Online | CVS Pharmacy
2019-02-04 04:11:55,364  INFO [main] HomePageTest:28 - Beginnning of Home Page Test Case
2019-02-04 04:12:05,239  INFO [main] HomePageTest:28 - Beginnning of Home Page Test Case
2019-02-04 04:12:13,386  INFO [main] HomePageTest:28 - Beginnning of Home Page Test Case
2019-02-04 04:12:21,302  INFO [main] HomePageTest:28 - Beginnning of Home Page Test Case
2019-02-04 04:12:30,222  INFO [main] HomePageTest:28 - Beginnning of Home Page Test Case
2019-02-04 04:12:41,137  INFO [main] HomePageTest:28 - Beginnning of Home Page Test Case
2019-02-04 04:12:55,449  INFO [main] HomePageTest:28 - Beginnning of Home Page Test Case
2019-02-04 04:13:10,289  INFO [main] LogInTest:25 - Beginnning of LogInTest Test Case
2019-02-04 04:13:20,545  INFO [main] LogInTest:25 - Beginnning of LogInTest Test Case
2019-02-04 04:13:29,229  INFO [main] LogInTest:25 - Beginnning of LogInTest Test Case
2019-02-04 04:13:37,846  INFO [main] LogInTest:25 - Beginnning of LogInTest Test Case
2019-02-04 04:13:54,052  INFO [main] LogInTest:25 - Beginnning of LogInTest Test Case
2019-02-04 04:14:04,192  INFO [main] LogInTest:25 - Beginnning of LogInTest Test Case
2019-02-04 04:14:12,897  INFO [main] LogInTest:25 - Beginnning of LogInTest Test Case
2019-02-04 04:14:21,499  INFO [main] LogInTest:25 - Beginnning of LogInTest Test Case
2019-02-04 04:14:31,792  INFO [main] RegistrationTest:32 - Beginnning of Test Case
2019-02-04 04:14:35,494  INFO [main] RegistrationTest:98 - Ending of Test Case
2019-02-04 04:14:40,508  INFO [main] RegistrationTest:32 - Beginnning of Test Case
2019-02-04 04:14:58,288  INFO [main] RegistrationTest:98 - Ending of Test Case
2019-02-04 04:15:03,175  INFO [main] RegistrationTest:32 - Beginnning of Test Case
2019-02-04 04:15:17,941  INFO [main] RegistrationTest:98 - Ending of Test Case
2019-02-04 04:15:24,925  INFO [main] RegistrationTest:32 - Beginnning of Test Case
2019-02-04 04:15:40,121  INFO [main] RegistrationTest:98 - Ending of Test Case
2019-02-04 04:15:46,450  INFO [main] RegistrationTest:32 - Beginnning of Test Case
2019-02-04 04:16:00,970  INFO [main] RegistrationTest:98 - Ending of Test Case
2019-02-04 04:16:05,658  INFO [main] RegistrationTest:32 - Beginnning of Test Case
2019-02-04 04:16:20,226  INFO [main] RegistrationTest:98 - Ending of Test Case
2019-02-04 04:16:25,157  INFO [main] RegistrationTest:32 - Beginnning of Test Case
2019-02-04 04:16:49,168  INFO [main] RegistrationTest:98 - Ending of Test Case
2019-02-04 04:16:54,175  INFO [main] RegistrationTest:32 - Beginnning of Test Case
2019-02-04 04:17:13,095  INFO [main] RegistrationTest:98 - Ending of Test Case
2019-02-04 04:17:18,254  INFO [main] RegistrationTest:32 - Beginnning of Test Case
2019-02-04 04:17:32,363  INFO [main] RegistrationTest:98 - Ending of Test Case
2019-02-04 04:17:37,307  INFO [main] RegistrationTest:32 - Beginnning of Test Case
2019-02-04 04:17:51,238  INFO [main] RegistrationTest:98 - Ending of Test Case
2019-02-04 04:19:40,570  INFO [main] ContactLensesPageTest:29 - Beginnning of ContactLensesPageTest Test Case
2019-02-04 04:19:48,825  INFO [main] ContactLensesPageTest:29 - Beginnning of ContactLensesPageTest Test Case
2019-02-04 04:19:56,906  INFO [main] ContactLensesPageTest:29 - Beginnning of ContactLensesPageTest Test Case
2019-02-04 04:20:10,404  INFO [main] ContactLensesPageTest:29 - Beginnning of ContactLensesPageTest Test Case
2019-02-04 04:20:21,085  INFO [main] ContactLensesPageTest:29 - Beginnning of ContactLensesPageTest Test Case
2019-02-04 04:20:31,406  INFO [main] ContactLensesPageTest:29 - Beginnning of ContactLensesPageTest Test Case
2019-02-04 04:20:39,487  INFO [main] ContactLensesPageTest:29 - Beginnning of ContactLensesPageTest Test Case
2019-02-04 04:21:25,030  INFO [main] ContactLensesPageTest:29 - Beginnning of ContactLensesPageTest Test Case
2019-02-04 04:21:33,824  INFO [main] ContactLensesPageTest:29 - Beginnning of ContactLensesPageTest Test Case
2019-02-04 04:21:42,506  INFO [main] ContactLensesPageTest:29 - Beginnning of ContactLensesPageTest Test Case
2019-02-04 04:21:50,941  INFO [main] ContactLensesPageTest:29 - Beginnning of ContactLensesPageTest Test Case
2019-02-04 04:26:55,884  INFO [main] ShopPageTest:24 - Beginnning of Test Case
2019-02-04 04:27:11,531  INFO [main] ShopPageTest:24 - Beginnning of Test Case
2019-02-04 04:27:19,638  INFO [main] ShopPageTest:24 - Beginnning of Test Case
2019-02-04 04:27:30,884  INFO [main] ShopPageTest:24 - Beginnning of Test Case
2019-02-04 04:27:42,479  INFO [main] ShopPageTest:24 - Beginnning of Test Case
2019-02-04 04:27:56,673  INFO [main] SignUp4DealTest:28 - Beginnning of SignUp for Deals Test Case
2019-02-04 04:27:56,674  INFO [main] SignUpPage4Savings:69 - Verifying Title of the signup webpage
2019-02-04 04:28:18,318  INFO [main] SignUp4DealTest:64 - End of Test Case
2019-02-04 04:28:23,419  INFO [main] SignUp4DealTest:28 - Beginnning of SignUp for Deals Test Case
2019-02-04 04:28:23,420  INFO [main] SignUpPage4Savings:69 - Verifying Title of the signup webpage
2019-02-04 04:28:25,906  INFO [main] SignUp4DealTest:64 - End of Test Case
2019-02-04 04:28:31,491  INFO [main] SignUp4DealTest:28 - Beginnning of SignUp for Deals Test Case
2019-02-04 04:28:31,492  INFO [main] SignUpPage4Savings:69 - Verifying Title of the signup webpage
2019-02-04 04:28:34,185  INFO [main] SignUp4DealTest:64 - End of Test Case
2019-02-04 04:28:39,081  INFO [main] SignUp4DealTest:28 - Beginnning of SignUp for Deals Test Case
2019-02-04 04:28:39,081  INFO [main] SignUpPage4Savings:69 - Verifying Title of the signup webpage
2019-02-04 04:29:00,952  INFO [main] SignUp4DealTest:64 - End of Test Case
2019-02-04 04:29:06,600  INFO [main] SignUp4DealTest:28 - Beginnning of SignUp for Deals Test Case
2019-02-04 04:29:08,600  INFO [main] SignUpPage4Savings:79 - Verifying signup steps in signup webpage
2019-02-04 04:29:18,829  INFO [main] SignUp4DealTest:64 - End of Test Case
2019-02-04 04:29:23,907  INFO [main] SignUp4DealTest:28 - Beginnning of SignUp for Deals Test Case
2019-02-04 04:29:23,907  INFO [main] SignUp4DealTest:54 - Beginnning of Excel Data Test
2019-02-04 04:29:25,908  INFO [main] SignUpPage4Savings:79 - Verifying signup steps in signup webpage
2019-02-04 04:29:39,403  INFO [main] SignUp4DealTest:64 - End of Test Case
2019-02-04 04:29:45,275  INFO [main] SignUp4DealTest:28 - Beginnning of SignUp for Deals Test Case
2019-02-04 04:29:45,277  INFO [main] SignUp4DealTest:54 - Beginnning of Excel Data Test
2019-02-04 04:29:47,277  INFO [main] SignUpPage4Savings:79 - Verifying signup steps in signup webpage
2019-02-04 04:29:56,965  INFO [main] SignUp4DealTest:64 - End of Test Case
2019-02-04 04:30:02,177  INFO [main] SignUp4DealTest:28 - Beginnning of SignUp for Deals Test Case
2019-02-04 04:30:02,178  INFO [main] SignUp4DealTest:54 - Beginnning of Excel Data Test
2019-02-04 04:30:04,178  INFO [main] SignUpPage4Savings:79 - Verifying signup steps in signup webpage
2019-02-04 04:30:15,568  INFO [main] SignUp4DealTest:64 - End of Test Case
2019-02-04 04:30:20,609  INFO [main] SignUp4DealTest:28 - Beginnning of SignUp for Deals Test Case
2019-02-04 04:30:20,610  INFO [main] SignUp4DealTest:54 - Beginnning of Excel Data Test
2019-02-04 04:30:22,610  INFO [main] SignUpPage4Savings:79 - Verifying signup steps in signup webpage
2019-02-04 04:30:32,324  INFO [main] SignUp4DealTest:64 - End of Test Case
2019-02-04 04:30:38,118  INFO [main] SignUp4DealTest:28 - Beginnning of SignUp for Deals Test Case
2019-02-04 04:30:38,118  INFO [main] SignUp4DealTest:54 - Beginnning of Excel Data Test
2019-02-04 04:30:40,120  INFO [main] SignUpPage4Savings:79 - Verifying signup steps in signup webpage
2019-02-04 04:30:49,883  INFO [main] SignUp4DealTest:64 - End of Test Case
2019-02-04 04:30:55,749  INFO [main] SignUp4DealTest:28 - Beginnning of SignUp for Deals Test Case
2019-02-04 04:30:55,749  INFO [main] SignUp4DealTest:54 - Beginnning of Excel Data Test
2019-02-04 04:30:57,750  INFO [main] SignUpPage4Savings:79 - Verifying signup steps in signup webpage
2019-02-04 04:31:06,986  INFO [main] SignUp4DealTest:64 - End of Test Case
2019-02-04 04:31:12,921  INFO [main] SignUp4DealTest:28 - Beginnning of SignUp for Deals Test Case
2019-02-04 04:31:12,921  INFO [main] SignUp4DealTest:54 - Beginnning of Excel Data Test
2019-02-04 04:31:14,923  INFO [main] SignUpPage4Savings:79 - Verifying signup steps in signup webpage
2019-02-04 04:31:40,051  INFO [main] SignUp4DealTest:64 - End of Test Case
2019-02-04 04:31:45,114  INFO [main] SignUp4DealTest:28 - Beginnning of SignUp for Deals Test Case
2019-02-04 04:31:45,115  INFO [main] SignUp4DealTest:54 - Beginnning of Excel Data Test
2019-02-04 04:31:47,115  INFO [main] SignUpPage4Savings:79 - Verifying signup steps in signup webpage
2019-02-04 04:31:57,870  INFO [main] SignUp4DealTest:64 - End of Test Case
